2025-03-30 06:08:51,905 - INFO - Loading S&P 500 data from 1951-01-01 to 2025-03-30...
2025-03-30 06:08:53,372 - INFO - Data successfully saved to data/sp500_1951_present.csv
2025-03-30 06:08:54,271 - INFO - S&P 500 data saved to SQLite database
2025-03-30 06:08:54,271 - INFO - 
Data summary:
2025-03-30 06:08:54,272 - INFO - Date range: 1951-01-02 00:00:00-05:00 to 2025-03-28 00:00:00-04:00
2025-03-30 06:08:54,272 - INFO - Rows: 18681
2025-03-30 06:08:54,272 - INFO - Columns: ['Date', 'Open', 'High', 'Low', 'Close', 'Adj Close', 'Volume']
2025-03-30 06:08:54,272 - INFO - 
First 5 rows:
2025-03-30 06:08:54,273 - INFO -                        Date       Open  ...  Adj Close   Volume
0 1951-01-02 00:00:00-05:00  20.770000  ...  20.770000  3030000
1 1951-01-03 00:00:00-05:00  20.690001  ...  20.690001  3370000
2 1951-01-04 00:00:00-05:00  20.870001  ...  20.870001  3390000
3 1951-01-05 00:00:00-05:00  20.870001  ...  20.870001  3390000
4 1951-01-08 00:00:00-05:00  21.000000  ...  21.000000  2780000

[5 rows x 7 columns]
2025-03-30 06:08:54,294 - INFO - 
Last 5 rows:
2025-03-30 06:08:54,295 - INFO -                            Date         Open  ...    Adj Close      Volume
18676 2025-03-24 00:00:00-04:00  5718.080078  ...  5767.569824  4517990000
18677 2025-03-25 00:00:00-04:00  5775.959961  ...  5776.649902  4467340000
18678 2025-03-26 00:00:00-04:00  5771.660156  ...  5712.200195  4183140000
18679 2025-03-27 00:00:00-04:00  5695.640137  ...  5693.310059  4403460000
18680 2025-03-28 00:00:00-04:00  5679.200195  ...  5580.939941  4513330000

[5 rows x 7 columns]
2025-03-30 06:08:54,314 - INFO - 
Volume statistics:
2025-03-30 06:08:54,316 - INFO - count    1.868100e+04
mean     1.214379e+09
std      1.777609e+09
min      6.800000e+05
25%      1.123000e+07
50%      1.493000e+08
75%      2.373080e+09
max      1.145623e+10
Name: Volume, dtype: float64
2025-03-30 06:08:54,319 - INFO - Loading VIX data from 1990-01-01 to 2025-03-30...
2025-03-30 06:08:54,810 - INFO - Data successfully saved to data/vix_data.csv
2025-03-30 06:08:55,340 - INFO - VIX data saved to SQLite database
2025-03-30 06:08:55,340 - INFO - 
Data summary:
2025-03-30 06:08:55,340 - INFO - Date range: 1990-01-02 00:00:00-06:00 to 2025-03-28 00:00:00-05:00
2025-03-30 06:08:55,341 - INFO - Rows: 8876
2025-03-30 06:08:55,341 - INFO - Columns: ['Date', 'VIX']
2025-03-30 06:08:55,341 - INFO - VIX data saved with 8876 rows
2025-03-30 06:10:47,404 - INFO - Loading S&P 500 data from 1951-01-01 to 2025-03-30...
2025-03-30 06:10:48,937 - INFO - Data successfully saved to data/sp500_1951_present.csv
2025-03-30 06:10:49,862 - INFO - S&P 500 data saved to SQLite database
2025-03-30 06:10:49,862 - INFO - 
Data summary:
2025-03-30 06:10:49,863 - INFO - Date range: 1951-01-02 00:00:00-05:00 to 2025-03-28 00:00:00-04:00
2025-03-30 06:10:49,863 - INFO - Rows: 18681
2025-03-30 06:10:49,863 - INFO - Columns: ['Date', 'Open', 'High', 'Low', 'Close', 'Adj Close', 'Volume']
2025-03-30 06:10:49,864 - INFO - 
First 5 rows:
2025-03-30 06:10:49,864 - INFO -                        Date       Open  ...  Adj Close   Volume
0 1951-01-02 00:00:00-05:00  20.770000  ...  20.770000  3030000
1 1951-01-03 00:00:00-05:00  20.690001  ...  20.690001  3370000
2 1951-01-04 00:00:00-05:00  20.870001  ...  20.870001  3390000
3 1951-01-05 00:00:00-05:00  20.870001  ...  20.870001  3390000
4 1951-01-08 00:00:00-05:00  21.000000  ...  21.000000  2780000

[5 rows x 7 columns]
2025-03-30 06:10:49,883 - INFO - 
Last 5 rows:
2025-03-30 06:10:49,884 - INFO -                            Date         Open  ...    Adj Close      Volume
18676 2025-03-24 00:00:00-04:00  5718.080078  ...  5767.569824  4517990000
18677 2025-03-25 00:00:00-04:00  5775.959961  ...  5776.649902  4467340000
18678 2025-03-26 00:00:00-04:00  5771.660156  ...  5712.200195  4183140000
18679 2025-03-27 00:00:00-04:00  5695.640137  ...  5693.310059  4403460000
18680 2025-03-28 00:00:00-04:00  5679.200195  ...  5580.939941  4513330000

[5 rows x 7 columns]
2025-03-30 06:10:49,902 - INFO - 
Volume statistics:
2025-03-30 06:10:49,904 - INFO - count    1.868100e+04
mean     1.214379e+09
std      1.777609e+09
min      6.800000e+05
25%      1.123000e+07
50%      1.493000e+08
75%      2.373080e+09
max      1.145623e+10
Name: Volume, dtype: float64
2025-03-30 06:10:49,907 - INFO - Loading VIX data from 1990-01-01 to 2025-03-30...
2025-03-30 06:10:50,402 - INFO - Data successfully saved to data/vix_data.csv
2025-03-30 06:10:51,016 - INFO - VIX data saved to SQLite database
2025-03-30 06:10:51,016 - INFO - 
Data summary:
2025-03-30 06:10:51,016 - INFO - Date range: 1990-01-02 00:00:00-06:00 to 2025-03-28 00:00:00-05:00
2025-03-30 06:10:51,016 - INFO - Rows: 8876
2025-03-30 06:10:51,017 - INFO - Columns: ['Date', 'VIX']
2025-03-30 06:10:51,017 - INFO - VIX data saved with 8876 rows
2025-03-30 08:14:04,496 - INFO - Loading S&P 500 data from 1951-01-01 to 2025-03-30...
2025-03-30 08:14:05,871 - INFO - Data successfully saved to data/sp500_1951_present.csv
2025-03-30 08:14:06,878 - INFO - S&P 500 data saved to SQLite database
2025-03-30 08:14:06,878 - INFO - 
Data summary:
2025-03-30 08:14:06,879 - INFO - Date range: 1951-01-02 00:00:00-05:00 to 2025-03-28 00:00:00-04:00
2025-03-30 08:14:06,879 - INFO - Rows: 18681
2025-03-30 08:14:06,879 - INFO - Columns: ['Date', 'Open', 'High', 'Low', 'Close', 'Adj Close', 'Volume']
2025-03-30 08:14:06,879 - INFO - 
First 5 rows:
2025-03-30 08:14:06,879 - INFO -                        Date       Open  ...  Adj Close   Volume
0 1951-01-02 00:00:00-05:00  20.770000  ...  20.770000  3030000
1 1951-01-03 00:00:00-05:00  20.690001  ...  20.690001  3370000
2 1951-01-04 00:00:00-05:00  20.870001  ...  20.870001  3390000
3 1951-01-05 00:00:00-05:00  20.870001  ...  20.870001  3390000
4 1951-01-08 00:00:00-05:00  21.000000  ...  21.000000  2780000

[5 rows x 7 columns]
2025-03-30 08:14:06,899 - INFO - 
Last 5 rows:
2025-03-30 08:14:06,899 - INFO -                            Date         Open  ...    Adj Close      Volume
18676 2025-03-24 00:00:00-04:00  5718.080078  ...  5767.569824  4517990000
18677 2025-03-25 00:00:00-04:00  5775.959961  ...  5776.649902  4467340000
18678 2025-03-26 00:00:00-04:00  5771.660156  ...  5712.200195  4183140000
18679 2025-03-27 00:00:00-04:00  5695.640137  ...  5693.310059  4403460000
18680 2025-03-28 00:00:00-04:00  5679.200195  ...  5580.939941  4513330000

[5 rows x 7 columns]
2025-03-30 08:14:06,918 - INFO - 
Volume statistics:
2025-03-30 08:14:06,920 - INFO - count    1.868100e+04
mean     1.214379e+09
std      1.777609e+09
min      6.800000e+05
25%      1.123000e+07
50%      1.493000e+08
75%      2.373080e+09
max      1.145623e+10
Name: Volume, dtype: float64
2025-03-30 08:14:06,922 - INFO - Loading VIX data from 1990-01-01 to 2025-03-30...
2025-03-30 08:14:07,386 - INFO - Data successfully saved to data/vix_data.csv
2025-03-30 08:14:08,090 - INFO - VIX data saved to SQLite database
2025-03-30 08:14:08,090 - INFO - 
Data summary:
2025-03-30 08:14:08,090 - INFO - Date range: 1990-01-02 00:00:00-06:00 to 2025-03-28 00:00:00-05:00
2025-03-30 08:14:08,091 - INFO - Rows: 8876
2025-03-30 08:14:08,091 - INFO - Columns: ['Date', 'VIX']
2025-03-30 08:14:08,091 - INFO - VIX data saved with 8876 rows
2025-03-30 17:08:23,322 - INFO - Loading S&P 500 data from 1951-01-01 to 2025-03-30...
2025-03-30 17:08:24,853 - INFO - Data successfully saved to data/sp500_1951_present.csv
2025-03-30 17:08:25,796 - INFO - S&P 500 data saved to SQLite database
2025-03-30 17:08:25,796 - INFO - 
Data summary:
2025-03-30 17:08:25,797 - INFO - Date range: 1951-01-02 00:00:00-05:00 to 2025-03-28 00:00:00-04:00
2025-03-30 17:08:25,797 - INFO - Rows: 18681
2025-03-30 17:08:25,797 - INFO - Columns: ['Date', 'Open', 'High', 'Low', 'Close', 'Adj Close', 'Volume']
2025-03-30 17:08:25,797 - INFO - 
First 5 rows:
2025-03-30 17:08:25,798 - INFO -                        Date       Open  ...  Adj Close   Volume
0 1951-01-02 00:00:00-05:00  20.770000  ...  20.770000  3030000
1 1951-01-03 00:00:00-05:00  20.690001  ...  20.690001  3370000
2 1951-01-04 00:00:00-05:00  20.870001  ...  20.870001  3390000
3 1951-01-05 00:00:00-05:00  20.870001  ...  20.870001  3390000
4 1951-01-08 00:00:00-05:00  21.000000  ...  21.000000  2780000

[5 rows x 7 columns]
2025-03-30 17:08:25,819 - INFO - 
Last 5 rows:
2025-03-30 17:08:25,820 - INFO -                            Date         Open  ...    Adj Close      Volume
18676 2025-03-24 00:00:00-04:00  5718.080078  ...  5767.569824  4517990000
18677 2025-03-25 00:00:00-04:00  5775.959961  ...  5776.649902  4467340000
18678 2025-03-26 00:00:00-04:00  5771.660156  ...  5712.200195  4183140000
18679 2025-03-27 00:00:00-04:00  5695.640137  ...  5693.310059  4403460000
18680 2025-03-28 00:00:00-04:00  5679.200195  ...  5580.939941  4513330000

[5 rows x 7 columns]
2025-03-30 17:08:25,839 - INFO - 
Volume statistics:
2025-03-30 17:08:25,842 - INFO - count    1.868100e+04
mean     1.214379e+09
std      1.777609e+09
min      6.800000e+05
25%      1.123000e+07
50%      1.493000e+08
75%      2.373080e+09
max      1.145623e+10
Name: Volume, dtype: float64
2025-03-30 17:08:25,844 - INFO - Loading VIX data from 1990-01-01 to 2025-03-30...
2025-03-30 17:08:26,349 - INFO - Data successfully saved to data/vix_data.csv
2025-03-30 17:08:27,069 - INFO - VIX data saved to SQLite database
2025-03-30 17:08:27,069 - INFO - 
Data summary:
2025-03-30 17:08:27,070 - INFO - Date range: 1990-01-02 00:00:00-06:00 to 2025-03-28 00:00:00-05:00
2025-03-30 17:08:27,070 - INFO - Rows: 8876
2025-03-30 17:08:27,070 - INFO - Columns: ['Date', 'VIX']
2025-03-30 17:08:27,070 - INFO - VIX data saved with 8876 rows
2025-03-30 17:24:29,592 - INFO - Loading S&P 500 data from 1951-01-01 to 2025-03-30...
2025-03-30 17:24:31,536 - INFO - Data successfully saved to data/sp500_1951_present.csv
2025-03-30 17:24:32,443 - INFO - S&P 500 data saved to SQLite database
2025-03-30 17:24:32,443 - INFO - 
Data summary:
2025-03-30 17:24:32,444 - INFO - Date range: 1951-01-02 00:00:00 to 2025-03-28 00:00:00
2025-03-30 17:24:32,444 - INFO - Rows: 18681
2025-03-30 17:24:32,444 - INFO - Columns: ['Date', 'Open', 'High', 'Low', 'Close', 'Adj Close', 'Volume']
2025-03-30 17:24:32,444 - INFO - 
First 5 rows:
2025-03-30 17:24:32,445 - INFO -                        Date       Open  ...  Adj Close   Volume
0 1951-01-02 00:00:00-05:00  20.770000  ...  20.770000  3030000
1 1951-01-03 00:00:00-05:00  20.690001  ...  20.690001  3370000
2 1951-01-04 00:00:00-05:00  20.870001  ...  20.870001  3390000
3 1951-01-05 00:00:00-05:00  20.870001  ...  20.870001  3390000
4 1951-01-08 00:00:00-05:00  21.000000  ...  21.000000  2780000

[5 rows x 7 columns]
2025-03-30 17:24:32,467 - INFO - 
Last 5 rows:
2025-03-30 17:24:32,467 - INFO -                            Date         Open  ...    Adj Close      Volume
18676 2025-03-24 00:00:00-04:00  5718.080078  ...  5767.569824  4517990000
18677 2025-03-25 00:00:00-04:00  5775.959961  ...  5776.649902  4467340000
18678 2025-03-26 00:00:00-04:00  5771.660156  ...  5712.200195  4183140000
18679 2025-03-27 00:00:00-04:00  5695.640137  ...  5693.310059  4403460000
18680 2025-03-28 00:00:00-04:00  5679.200195  ...  5580.939941  4513330000

[5 rows x 7 columns]
2025-03-30 17:24:32,486 - INFO - 
Volume statistics:
2025-03-30 17:24:32,489 - INFO - count    1.868100e+04
mean     1.214379e+09
std      1.777609e+09
min      6.800000e+05
25%      1.123000e+07
50%      1.493000e+08
75%      2.373080e+09
max      1.145623e+10
Name: Volume, dtype: float64
2025-03-30 17:24:32,491 - INFO - Loading VIX data from 1990-01-01 to 2025-03-30...
2025-03-30 17:24:32,988 - INFO - Data successfully saved to data/vix_data.csv
2025-03-30 17:24:33,760 - INFO - VIX data saved to SQLite database
2025-03-30 17:24:33,760 - INFO - 
Data summary:
2025-03-30 17:24:33,761 - INFO - Date range: 1990-01-02 00:00:00 to 2025-03-28 00:00:00
2025-03-30 17:24:33,761 - INFO - Rows: 8876
2025-03-30 17:24:33,761 - INFO - Columns: ['Date', 'VIX']
2025-03-30 17:24:33,761 - INFO - VIX data saved with 8876 rows
2025-03-31 06:45:11,759 - INFO - Loading S&P 500 data from 1951-01-01 to 2025-03-31...
2025-03-31 06:45:14,107 - INFO - Data successfully saved to data/sp500_1951_present.csv
2025-03-31 06:45:15,029 - INFO - S&P 500 data saved to SQLite database
2025-03-31 06:45:15,030 - INFO - 
Data summary:
2025-03-31 06:45:15,030 - INFO - Date range: 1951-01-02 00:00:00 to 2025-03-28 00:00:00
2025-03-31 06:45:15,030 - INFO - Rows: 18681
2025-03-31 06:45:15,030 - INFO - Columns: ['Date', 'Open', 'High', 'Low', 'Close', 'Adj Close', 'Volume']
2025-03-31 06:45:15,031 - INFO - 
First 5 rows:
2025-03-31 06:45:15,031 - INFO -                        Date       Open  ...  Adj Close   Volume
0 1951-01-02 00:00:00-05:00  20.770000  ...  20.770000  3030000
1 1951-01-03 00:00:00-05:00  20.690001  ...  20.690001  3370000
2 1951-01-04 00:00:00-05:00  20.870001  ...  20.870001  3390000
3 1951-01-05 00:00:00-05:00  20.870001  ...  20.870001  3390000
4 1951-01-08 00:00:00-05:00  21.000000  ...  21.000000  2780000

[5 rows x 7 columns]
2025-03-31 06:45:15,052 - INFO - 
Last 5 rows:
2025-03-31 06:45:15,052 - INFO -                            Date         Open  ...    Adj Close      Volume
18676 2025-03-24 00:00:00-04:00  5718.080078  ...  5767.569824  4517990000
18677 2025-03-25 00:00:00-04:00  5775.959961  ...  5776.649902  4467340000
18678 2025-03-26 00:00:00-04:00  5771.660156  ...  5712.200195  4183140000
18679 2025-03-27 00:00:00-04:00  5695.640137  ...  5693.310059  4403460000
18680 2025-03-28 00:00:00-04:00  5679.200195  ...  5580.939941  4513330000

[5 rows x 7 columns]
2025-03-31 06:45:15,077 - INFO - 
Volume statistics:
2025-03-31 06:45:15,080 - INFO - count    1.868100e+04
mean     1.214379e+09
std      1.777609e+09
min      6.800000e+05
25%      1.123000e+07
50%      1.493000e+08
75%      2.373080e+09
max      1.145623e+10
Name: Volume, dtype: float64
2025-03-31 06:45:15,084 - INFO - Loading VIX data from 1990-01-01 to 2025-03-31...
2025-03-31 06:45:15,475 - INFO - Data successfully saved to data/vix_data.csv
2025-03-31 06:45:16,229 - INFO - VIX data saved to SQLite database
2025-03-31 06:45:16,229 - INFO - 
Data summary:
2025-03-31 06:45:16,230 - INFO - Date range: 1990-01-02 00:00:00 to 2025-03-28 00:00:00
2025-03-31 06:45:16,230 - INFO - Rows: 8876
2025-03-31 06:45:16,230 - INFO - Columns: ['Date', 'VIX']
2025-03-31 06:45:16,230 - INFO - VIX data saved with 8876 rows
2025-03-31 06:55:44,416 - INFO - Loading S&P 500 data from 1951-01-01 to 2025-03-31...
2025-03-31 06:55:45,667 - INFO - Data successfully saved to data/sp500_1951_present.csv
2025-03-31 06:55:46,551 - INFO - S&P 500 data saved to SQLite database
2025-03-31 06:55:46,552 - INFO - 
Data summary:
2025-03-31 06:55:46,552 - INFO - Date range: 1951-01-02 00:00:00 to 2025-03-28 00:00:00
2025-03-31 06:55:46,553 - INFO - Rows: 18681
2025-03-31 06:55:46,553 - INFO - Columns: ['Date', 'Open', 'High', 'Low', 'Close', 'Adj Close', 'Volume']
2025-03-31 06:55:46,553 - INFO - 
First 5 rows:
2025-03-31 06:55:46,553 - INFO -                        Date       Open  ...  Adj Close   Volume
0 1951-01-02 00:00:00-05:00  20.770000  ...  20.770000  3030000
1 1951-01-03 00:00:00-05:00  20.690001  ...  20.690001  3370000
2 1951-01-04 00:00:00-05:00  20.870001  ...  20.870001  3390000
3 1951-01-05 00:00:00-05:00  20.870001  ...  20.870001  3390000
4 1951-01-08 00:00:00-05:00  21.000000  ...  21.000000  2780000

[5 rows x 7 columns]
2025-03-31 06:55:46,573 - INFO - 
Last 5 rows:
2025-03-31 06:55:46,574 - INFO -                            Date         Open  ...    Adj Close      Volume
18676 2025-03-24 00:00:00-04:00  5718.080078  ...  5767.569824  4517990000
18677 2025-03-25 00:00:00-04:00  5775.959961  ...  5776.649902  4467340000
18678 2025-03-26 00:00:00-04:00  5771.660156  ...  5712.200195  4183140000
18679 2025-03-27 00:00:00-04:00  5695.640137  ...  5693.310059  4403460000
18680 2025-03-28 00:00:00-04:00  5679.200195  ...  5580.939941  4513330000

[5 rows x 7 columns]
2025-03-31 06:55:46,593 - INFO - 
Volume statistics:
2025-03-31 06:55:46,595 - INFO - count    1.868100e+04
mean     1.214379e+09
std      1.777609e+09
min      6.800000e+05
25%      1.123000e+07
50%      1.493000e+08
75%      2.373080e+09
max      1.145623e+10
Name: Volume, dtype: float64
2025-03-31 06:55:46,597 - INFO - Loading VIX data from 1990-01-01 to 2025-03-31...
2025-03-31 06:55:47,035 - INFO - Data successfully saved to data/vix_data.csv
2025-03-31 06:55:47,774 - INFO - VIX data saved to SQLite database
2025-03-31 06:55:47,774 - INFO - 
Data summary:
2025-03-31 06:55:47,775 - INFO - Date range: 1990-01-02 00:00:00 to 2025-03-28 00:00:00
2025-03-31 06:55:47,775 - INFO - Rows: 8876
2025-03-31 06:55:47,775 - INFO - Columns: ['Date', 'VIX']
2025-03-31 06:55:47,775 - INFO - VIX data saved with 8876 rows
2025-03-31 06:57:29,030 - INFO - Loading S&P 500 data from 1951-01-01 to 2025-03-31...
2025-03-31 06:57:30,390 - INFO - Data successfully saved to data/sp500_1951_present.csv
2025-03-31 06:57:31,241 - INFO - S&P 500 data saved to SQLite database
2025-03-31 06:57:31,241 - INFO - 
Data summary:
2025-03-31 06:57:31,242 - INFO - Date range: 1951-01-02 00:00:00 to 2025-03-28 00:00:00
2025-03-31 06:57:31,242 - INFO - Rows: 18681
2025-03-31 06:57:31,242 - INFO - Columns: ['Date', 'Open', 'High', 'Low', 'Close', 'Adj Close', 'Volume']
2025-03-31 06:57:31,242 - INFO - 
First 5 rows:
2025-03-31 06:57:31,242 - INFO -                        Date       Open  ...  Adj Close   Volume
0 1951-01-02 00:00:00-05:00  20.770000  ...  20.770000  3030000
1 1951-01-03 00:00:00-05:00  20.690001  ...  20.690001  3370000
2 1951-01-04 00:00:00-05:00  20.870001  ...  20.870001  3390000
3 1951-01-05 00:00:00-05:00  20.870001  ...  20.870001  3390000
4 1951-01-08 00:00:00-05:00  21.000000  ...  21.000000  2780000

[5 rows x 7 columns]
2025-03-31 06:57:31,262 - INFO - 
Last 5 rows:
2025-03-31 06:57:31,262 - INFO -                            Date         Open  ...    Adj Close      Volume
18676 2025-03-24 00:00:00-04:00  5718.080078  ...  5767.569824  4517990000
18677 2025-03-25 00:00:00-04:00  5775.959961  ...  5776.649902  4467340000
18678 2025-03-26 00:00:00-04:00  5771.660156  ...  5712.200195  4183140000
18679 2025-03-27 00:00:00-04:00  5695.640137  ...  5693.310059  4403460000
18680 2025-03-28 00:00:00-04:00  5679.200195  ...  5580.939941  4513330000

[5 rows x 7 columns]
2025-03-31 06:57:31,281 - INFO - 
Volume statistics:
2025-03-31 06:57:31,283 - INFO - count    1.868100e+04
mean     1.214379e+09
std      1.777609e+09
min      6.800000e+05
25%      1.123000e+07
50%      1.493000e+08
75%      2.373080e+09
max      1.145623e+10
Name: Volume, dtype: float64
2025-03-31 06:57:31,285 - INFO - Loading VIX data from 1990-01-01 to 2025-03-31...
2025-03-31 06:57:31,696 - INFO - Data successfully saved to data/vix_data.csv
2025-03-31 06:57:32,407 - INFO - VIX data saved to SQLite database
2025-03-31 06:57:32,408 - INFO - 
Data summary:
2025-03-31 06:57:32,408 - INFO - Date range: 1990-01-02 00:00:00 to 2025-03-28 00:00:00
2025-03-31 06:57:32,408 - INFO - Rows: 8876
2025-03-31 06:57:32,408 - INFO - Columns: ['Date', 'VIX']
2025-03-31 06:57:32,408 - INFO - VIX data saved with 8876 rows
